<?xml version="1.0" encoding="UTF-8"?>
<!-- Generated by org.testng.reporters.JUnitReportReporter -->
<testsuite skipped="0" hostname="DESKTOP-QFDSF5H" name="com.hr.tests.AdminTests" tests="1" failures="0" timestamp="02 Mar 2018 19:08:42 GMT" time="56.788" errors="0">
  <testcase name="AddUserTest" time="56.788" classname="com.hr.tests.AdminTests"/>
</testsuite> <!-- com.hr.tests.AdminTests -->
